1547810436352	mozrunner::runner	INFO	Running command: "/usr/bin/firefox" "-marionette" "-foreground" "-no-remote" "-profile" "/tmp/rust_mozprofile.fzFiBQV8qp6R"
1547810441954	Marionette	INFO	Listening on port 2828
[Child 9562] WARNING: pipe error (26): Connection reset by peer: file /build/firefox-esr-YKrXxr/firefox-esr-52.9.0esr/ipc/chromium/src/chrome/common/ipc_channel_posix.cc, line 322
[Child 9562] WARNING: pipe error (14): Connection reset by peer: file /build/firefox-esr-YKrXxr/firefox-esr-52.9.0esr/ipc/chromium/src/chrome/common/ipc_channel_posix.cc, line 322
[Child 9562] ###!!! ABORT: Aborting on channel error.: file /build/firefox-esr-YKrXxr/firefox-esr-52.9.0esr/ipc/glue/MessageChannel.cpp, line 2152
[Child 9562] ###!!! ABORT: Aborting on channel error.: file /build/firefox-esr-YKrXxr/firefox-esr-52.9.0esr/ipc/glue/MessageChannel.cpp, line 2152
1547810511050	mozrunner::runner	INFO	Running command: "/usr/bin/firefox" "-marionette" "-foreground" "-no-remote" "-profile" "/tmp/rust_mozprofile.1M9rmJvjM2Ma"
1547810518288	Marionette	INFO	Listening on port 2828

###!!! [Child][MessageChannel] Error: (msgtype=0x3E0003,name=PCompositable::Msg_Destroy) Channel error: cannot send/recv


###!!! [Child][MessageChannel] Error: (msgtype=0x3E0003,name=PCompositable::Msg_Destroy) Channel error: cannot send/recv

[GFX1-]: Receive IPC close with reason=AbnormalShutdown
[Child 9696] WARNING: pipe error (3): Connection reset by peer: file /build/firefox-esr-YKrXxr/firefox-esr-52.9.0esr/ipc/chromium/src/chrome/common/ipc_channel_posix.cc, line 322
[Child 9696] ###!!! ABORT: Aborting on channel error.: file /build/firefox-esr-YKrXxr/firefox-esr-52.9.0esr/ipc/glue/MessageChannel.cpp, line 2152
[Child 9696] ###!!! ABORT: Aborting on channel error.: file /build/firefox-esr-YKrXxr/firefox-esr-52.9.0esr/ipc/glue/MessageChannel.cpp, line 2152
1547810646370	mozrunner::runner	INFO	Running command: "/usr/bin/firefox" "-marionette" "-foreground" "-no-remote" "-profile" "/tmp/rust_mozprofile.cmihXR8Q5J5X"
1547810651084	Marionette	INFO	Listening on port 2828
[Child 9831] ###!!! ABORT: Aborting on channel error.: file /build/firefox-esr-YKrXxr/firefox-esr-52.9.0esr/ipc/glue/MessageChannel.cpp, line 2152
[Child 9831] ###!!! ABORT: Aborting on channel error.: file /build/firefox-esr-YKrXxr/firefox-esr-52.9.0esr/ipc/glue/MessageChannel.cpp, line 2152

###!!! [Child][MessageChannel] Error: (msgtype=0x3E0003,name=PCompositable::Msg_Destroy) Channel error: cannot send/recv


###!!! [Child][MessageChannel] Error: (msgtype=0x3E0003,name=PCompositable::Msg_Destroy) Channel error: cannot send/recv

1547810895571	mozrunner::runner	INFO	Running command: "/usr/bin/firefox" "-marionette" "-foreground" "-no-remote" "-profile" "/tmp/rust_mozprofile.pct2it4ZuGqE"
1547810900890	Marionette	INFO	Listening on port 2828
Gdk-Message: /usr/lib/firefox-esr/firefox-esr: Fatal IO error 11 (Resource temporarily unavailable) on X server :1017.

